<?xml version="1.0" encoding="UTF-8"?>
<!-- Generated by org.testng.reporters.JUnitReportReporter -->
<testsuite hostname="kaviyan" failures="0" tests="1" name="com.crm.GUIFramework.CreateOrganizationWithPhoneNumberTest" time="68.725" errors="0" timestamp="2023-09-04T17:05:29 IST" skipped="0">
  <testcase classname="com.crm.GUIFramework.CreateOrganizationWithPhoneNumberTest" name="createOrganizationWithPhoneNumberTest" time="68.725"/>
  <system-out/>
</testsuite> <!-- com.crm.GUIFramework.CreateOrganizationWithPhoneNumberTest -->
