<?xml version="1.0" encoding="UTF-8"?>
<!-- Generated by org.testng.reporters.JUnitReportReporter -->
<testsuite hostname="kaviyan" failures="0" tests="1" name="dummy.Report" time="35.214" errors="0" timestamp="2023-09-01T17:17:50 IST" skipped="0">
  <testcase classname="dummy.Report" name="reportGeneration" time="35.214"/>
  <system-out/>
</testsuite> <!-- dummy.Report -->
