<?xml version="1.0" encoding="UTF-8"?>
<!-- Generated by org.testng.reporters.JUnitReportReporter -->
<testsuite hostname="kaviyan" failures="0" tests="1" name="com.crm.GUIFramework.CreateOrganizationTest" time="64.898" errors="0" timestamp="2023-09-04T17:52:59 IST" skipped="0">
  <testcase classname="com.crm.GUIFramework.CreateOrganizationTest" name="createOrganizationTest" time="64.898"/>
  <system-out/>
</testsuite> <!-- com.crm.GUIFramework.CreateOrganizationTest -->
