<?xml version="1.0" encoding="UTF-8"?>
<!-- Generated by org.testng.reporters.JUnitReportReporter -->
<testsuite hostname="kaviyan" failures="0" tests="1" name="dummy.UseOfExtentsReport" time="47.108" errors="0" timestamp="2023-09-01T16:40:01 IST" skipped="0">
  <testcase classname="dummy.UseOfExtentsReport" name="useOfExtendsReport" time="47.108"/>
  <system-out/>
</testsuite> <!-- dummy.UseOfExtentsReport -->
